0: b := ?
1: contents b, 0 := ?
2: contents b, 1 := 4
3: r1 = 0
4: pc := ?
5: halt
6: NUMBER: r2 := contents b, 4
7: NUMBER: r3 := contents b, 5
8: r4 := r2 = r3
9: IF COND: pc := ? if not r4
10: r1 = 3
11: pc = ?
12: NUMBER: r5 := 52
13: NUMBER: r6 := contents b, 4
14: r7 := r6 = r5
15: NUMBER: r8 := 0
16: NUMBER: r9 := contents b, 5
17: r10 := r9 < r8
18: IF COND: pc := ? if not r10
19: NUMBER: r11 := 0
20: r12 := contents b, 4
21: ARRAY INDEX: r13 := r12 - 0
22: ASSIGNMENTS: contents b, r13, 6 := r11
23: COND EXIT: pc := ?
24: ENDLOOP: pc := 19
25: NUMBER: r14 := 0
26: NUMBER: r15 := contents b, 5
27: r16 := r15 = r14
28: NUMBER: r17 := 0
29: ASSIGNMENTS: contents b, 4 := r17
30: NUMBER: r18 := 73
31: ASSIGNMENTS: contents b, 4 := r18
32: NONLOCAL ASSIGNMENTS: r19 := b
33: r19 := contents r19, 2
34: contents r19, 5 := contents b, 5
35: pc = ?
36: pc = r1, ?
37: r1 = 2
38: pc = ?
39: r1 = 0
40: pc = ?
41: pc = 44
42: pc = 44
43: pc = 37
44: RETURN: r20 := contents b, 1
45: b := contents b, 3
46: pc = r20
47: FUNCTION CALL: r21 := b
48: b := contents r21, 0
49: contents b, 3 := r21
50: r21 := contents r21, 2
51: r21 := contents r21, 2
52: contents b, 2 := r21
53: r22 := 10
54: contents b, 0 := b + r22
55: r23 := 58
56: contents b, 1 := r23
57: JUMP: pc := 6
58: pc := ? if r1
59: RETURN: r24 := contents b, 1
60: b := contents b, 3
61: pc = r24
62: NUMBER: r25 := 2
63: ADD: r26 := contents b, 0 + r25
64: FUNCTION CALL: r27 := b
65: b := contents r27, 0
66: contents b, 3 := r27
67: contents b, 2 := r27
68: r28 := 8
69: contents b, 0 := b + r28
70: r29 := 73
71: contents b, 1 := r29
72: JUMP: pc := 47
73: pc := ? if r1
74: RETURN: r30 := contents b, 1
75: b := contents b, 3
76: pc = r30
77: NUMBER: r31 := 4
78: ASSIGNMENTS: contents b, 4 := r31
79: FUNCTION CALL: r32 := b
80: b := contents r32, 0
81: contents b, 3 := r32
82: contents b, 2 := r32
83: r33 := 7
84: contents b, 0 := b + r33
85: r34 := 88
86: contents b, 1 := r34
87: JUMP: pc := 62
88: pc := ? if r1
89: pc = ?
90: pc = r1, ?
91: NUMBER: r35 := 44
92: ASSIGNMENTS: contents b, 5 := r35
93: r1 = 0
94: pc = ?
95: NUMBER: r36 := 46
96: ASSIGNMENTS: contents b, 5 := r36
97: r1 = 0
98: pc = ?
99: pc = 91
100: pc = 95
101: pc = 95
102: RETURN: r37 := contents b, 1
103: b := contents b, 3
104: pc = r37
